{
  "RSpec": {
    "coverage": {
      "/Users/eagleeye/turing/4mod/take_home/tea_service/app/models/customer.rb": {
        "lines": [
          1,
          1,
          1,
          1,
          1,
          1,
          1,
          null
        ]
      },
      "/Users/eagleeye/turing/4mod/take_home/tea_service/app/models/application_record.rb": {
        "lines": [
          1,
          1,
          null
        ]
      },
      "/Users/eagleeye/turing/4mod/take_home/tea_service/app/models/customer_subscription.rb": {
        "lines": [
          1,
          1,
          1,
          1,
          null,
          1,
          null,
          1,
          1,
          null
        ]
      },
      "/Users/eagleeye/turing/4mod/take_home/tea_service/app/models/subscription.rb": {
        "lines": [
          1,
          1,
          1,
          1,
          1,
          1,
          1,
          1,
          1,
          1,
          null
        ]
      },
      "/Users/eagleeye/turing/4mod/take_home/tea_service/app/models/subscription_tea.rb": {
        "lines": [
          1,
          1,
          1,
          1,
          1,
          null
        ]
      },
      "/Users/eagleeye/turing/4mod/take_home/tea_service/app/models/tea.rb": {
        "lines": [
          1,
          1,
          1,
          1,
          1,
          1,
          1,
          1,
          1,
          null
        ]
      },
      "/Users/eagleeye/turing/4mod/take_home/tea_service/app/controllers/api/v1/customers/subscriptions_controller.rb": {
        "lines": [
          1,
          null,
          1,
          2,
          2,
          2,
          null,
          null,
          null,
          1,
          2,
          2,
          2,
          null,
          null,
          null,
          1,
          1,
          4,
          2,
          null,
          4,
          null,
          null,
          null
        ]
      },
      "/Users/eagleeye/turing/4mod/take_home/tea_service/app/controllers/application_controller.rb": {
        "lines": [
          1,
          null
        ]
      },
      "/Users/eagleeye/turing/4mod/take_home/tea_service/app/serializers/customer_subscription_serializer.rb": {
        "lines": [
          1,
          1,
          1,
          null
        ]
      },
      "/Users/eagleeye/turing/4mod/take_home/tea_service/app/controllers/api/v1/customers_controller.rb": {
        "lines": [
          1,
          null,
          1,
          1,
          1,
          null,
          null,
          null,
          null
        ]
      },
      "/Users/eagleeye/turing/4mod/take_home/tea_service/app/mailers/application_mailer.rb": {
        "lines": [
          0,
          0,
          0,
          0
        ],
        "branches": {
        }
      },
      "/Users/eagleeye/turing/4mod/take_home/tea_service/app/jobs/application_job.rb": {
        "lines": [
          0,
          0
        ],
        "branches": {
        }
      }
    },
    "timestamp": 1668098692
  }
}
